#
# There is insufficient memory for the Java Runtime Environment to continue.
# Native memory allocation (malloc) failed to allocate 1048576 bytes for AllocateHeap
# Possible reasons:
#   The system is out of physical RAM or swap space
#   The process is running with CompressedOops enabled, and the Java Heap may be blocking the growth of the native heap
# Possible solutions:
#   Reduce memory load on the system
#   Increase physical memory or swap space
#   Check if swap backing store is full
#   Decrease Java heap size (-Xmx/-Xms)
#   Decrease number of Java threads
#   Decrease Java thread stack sizes (-Xss)
#   Set larger code cache with -XX:ReservedCodeCacheSize=
#   JVM is running with Unscaled Compressed Oops mode in which the Java heap is
#     placed in the first 4GB address space. The Java Heap base address is the
#     maximum limit for the native heap growth. Please use -XX:HeapBaseMinAddress
#     to set the Java Heap base and to place the Java Heap above 4GB virtual address.
# This output file may be truncated or incomplete.
#
#  Out of Memory Error (t:/workspace/open/src/hotspot/share/memory/allocation.cpp:46), pid=13852, tid=13256
#
# JRE version: Java(TM) SE Runtime Environment (11.0.3+12) (build 11.0.3+12-LTS)
# Java VM: Java HotSpot(TM) 64-Bit Server VM (11.0.3+12-LTS, mixed mode, tiered, compressed oops, g1 gc, windows-amd64)
# No core dump will be written. Minidumps are not enabled by default on client versions of Windows
#

---------------  S U M M A R Y ------------

Command Line: -Dcom.sun.management.jmxremote -Dcom.sun.management.jmxremote.port=53533 -Dcom.sun.management.jmxremote.authenticate=false -Dcom.sun.management.jmxremote.ssl=false -Djava.rmi.server.hostname=localhost -Dspring.jmx.enabled=true -Dspring.application.admin.enabled=true -Xverify:none -XX:TieredStopAtLevel=1 -Dfile.encoding=UTF-8 com.henryserrano.springboot.backend.apirest.SpringBootBackendApirestApplication

Host: Intel(R) Core(TM) i7-3610QM CPU @ 2.30GHz, 8 cores, 7G,  Windows 10 , 64 bit Build 17763 (10.0.17763.1158)
Time: Tue May 12 14:43:14 2020 Hora estándar este, Australia elapsed time: 1 seconds (0d 0h 0m 1s)

---------------  T H R E A D  ---------------

Current thread (0x0000017b2c8ce000):  VMThread "VM Thread" [stack: 0x0000002584200000,0x0000002584300000] [id=13256]

Stack: [0x0000002584200000,0x0000002584300000]
[error occurred during error reporting (printing stack bounds), id 0xc0000005, EXCEPTION_ACCESS_VIOLATION (0xc0000005) at pc=0x0000017b16000bad]

Native frames: (J=compiled Java code, j=interpreted, Vv=VM code, C=native code)
V  [jvm.dll+0x63582a]
V  [jvm.dll+0x77360f]
V  [jvm.dll+0x774cba]
V  [jvm.dll+0x7752d5]
V  [jvm.dll+0x77528b]
V  [jvm.dll+0x634f26]
V  [jvm.dll+0x6352f8]
C  [ntdll.dll+0xa479f]
C  [ntdll.dll+0x4bef]
C  [ntdll.dll+0xa350e]
C  0x0000017b16000bad

VM_Operation (0x00000025859fcef0): CollectForMetadataAllocation, mode: safepoint, requested by thread 0x0000017b2e878800


---------------  P R O C E S S  ---------------

Threads class SMR info:
_java_thread_list=0x0000017b2e9c7540, length=20, elements={
0x0000017b0dcd8000, 0x0000017b2c8f4000, 0x0000017b2c900000, 0x0000017b2c90c800,
0x0000017b2d283800, 0x0000017b2d287000, 0x0000017b2d23a000, 0x0000017b2c88b000,
0x0000017b2d3be000, 0x0000017b2d3f1800, 0x0000017b2d938800, 0x0000017b2d947000,
0x0000017b2d9ac800, 0x0000017b2da2e800, 0x0000017b2db03000, 0x0000017b2db29800,
0x0000017b2db23800, 0x0000017b2db24800, 0x0000017b2de2d000, 0x0000017b2e878800
}

Java Threads: ( => current thread )
  0x0000017b0dcd8000 JavaThread "main" [_thread_blocked, id=11928, stack(0x0000002583c00000,0x0000002583d00000)]
  0x0000017b2c8f4000 JavaThread "Reference Handler" daemon [_thread_blocked, id=13324, stack(0x0000002584300000,0x0000002584400000)]
  0x0000017b2c900000 JavaThread "Finalizer" daemon [_thread_blocked, id=3724, stack(0x0000002584400000,0x0000002584500000)]
  0x0000017b2c90c800 JavaThread "Signal Dispatcher" daemon [_thread_blocked, id=16308, stack(0x0000002584500000,0x0000002584600000)]
  0x0000017b2d283800 JavaThread "Attach Listener" daemon [_thread_blocked, id=1700, stack(0x0000002584600000,0x0000002584700000)]
  0x0000017b2d287000 JavaThread "C1 CompilerThread0" daemon [_thread_blocked, id=11048, stack(0x0000002584700000,0x0000002584800000)]
  0x0000017b2d23a000 JavaThread "Sweeper thread" daemon [_thread_blocked, id=7836, stack(0x0000002584800000,0x0000002584900000)]
  0x0000017b2c88b000 JavaThread "Common-Cleaner" daemon [_thread_blocked, id=10756, stack(0x0000002584900000,0x0000002584a00000)]
  0x0000017b2d3be000 JavaThread "C1 CompilerThread1" daemon [_thread_blocked, id=2424, stack(0x0000002584a00000,0x0000002584b00000)]
  0x0000017b2d3f1800 JavaThread "Service Thread" daemon [_thread_blocked, id=13280, stack(0x0000002584b00000,0x0000002584c00000)]
  0x0000017b2d938800 JavaThread "RMI TCP Accept-0" daemon [_thread_in_native, id=4780, stack(0x0000002584c00000,0x0000002584d00000)]
  0x0000017b2d947000 JavaThread "RMI TCP Accept-53533" daemon [_thread_in_native, id=13484, stack(0x0000002584d00000,0x0000002584e00000)]
  0x0000017b2d9ac800 JavaThread "RMI TCP Accept-0" daemon [_thread_in_native, id=13972, stack(0x0000002584e00000,0x0000002584f00000)]
  0x0000017b2da2e800 JavaThread "RMI TCP Connection(1)-127.0.0.1" daemon [_thread_in_native, id=4048, stack(0x0000002585000000,0x0000002585100000)]
  0x0000017b2db03000 JavaThread "RMI Scheduler(0)" daemon [_thread_blocked, id=7156, stack(0x0000002585100000,0x0000002585200000)]
  0x0000017b2db29800 JavaThread "C1 CompilerThread2" daemon [_thread_blocked, id=15044, stack(0x0000002585200000,0x0000002585300000)]
  0x0000017b2db23800 JavaThread "C1 CompilerThread3" daemon [_thread_blocked, id=15216, stack(0x0000002585300000,0x0000002585400000)]
  0x0000017b2db24800 JavaThread "JMX server connection timeout 19" daemon [_thread_blocked, id=16732, stack(0x0000002585400000,0x0000002585500000)]
  0x0000017b2de2d000 JavaThread "Thread-0" [_thread_blocked, id=14148, stack(0x0000002585800000,0x0000002585900000)]
  0x0000017b2e878800 JavaThread "restartedMain" [_thread_blocked, id=14180, stack(0x0000002585900000,0x0000002585a00000)]

Other Threads:
=>0x0000017b2c8ce000 VMThread "VM Thread" [stack: 0x0000002584200000,0x0000002584300000] [id=13256]
  0x0000017b2d9b2000 WatcherThread [stack: 0x0000002584f00000,0x0000002585000000] [id=9080]
  0x0000017b0dcf0000 GCTaskThread "GC Thread#0" [stack: 0x0000002583d00000,0x0000002583e00000] [id=9652]
  0x0000017b2dda9800 GCTaskThread "GC Thread#1" [stack: 0x0000002585500000,0x0000002585600000] [id=10600]
  0x0000017b2dda6800 GCTaskThread "GC Thread#2" [stack: 0x0000002585600000,0x0000002585700000] [id=14880]
  0x0000017b2ddaa000 GCTaskThread "GC Thread#3" [stack: 0x0000002585b00000,0x0000002585c00000] [id=6964]
  0x0000017b2ddaa800 GCTaskThread "GC Thread#4" [stack: 0x0000002585c00000,0x0000002585d00000] [id=2860]
  0x0000017b2dda7000 GCTaskThread "GC Thread#5" [stack: 0x0000002585d00000,0x0000002585e00000] [id=13924]
  0x0000017b2dda5800 GCTaskThread "GC Thread#6" [stack: 0x0000002585e00000,0x0000002585f00000] [id=128]
  0x0000017b0dd22000 ConcurrentGCThread "G1 Main Marker" [stack: 0x0000002583e00000,0x0000002583f00000] [id=13740]
  0x0000017b0dd28800 ConcurrentGCThread "G1 Conc#0" [stack: 0x0000002583f00000,0x0000002584000000] [id=11772]
  0x0000017b2dda8000 ConcurrentGCThread "G1 Conc#1" [stack: 0x0000002585f00000,0x0000002586000000] [id=9372]
  0x0000017b2c73c800 ConcurrentGCThread "G1 Refine#0" [stack: 0x0000002584000000,0x0000002584100000] [id=9468]
  0x0000017b2d627000 ConcurrentGCThread "G1 Refine#1" [stack: 0x0000002585700000,0x0000002585800000] [id=12232]
  0x0000017b2c73d800 ConcurrentGCThread "G1 Young RemSet Sampling" [stack: 0x0000002584100000,0x0000002584200000] [id=15076]

Threads with active compile tasks:

VM state:at safepoint (normal execution)

VM Mutex/Monitor currently owned by a thread:  ([mutex/lock_event])
[0x0000017b0dcd6300] Threads_lock - owner thread: 0x0000017b2c8ce000
[0x0000017b0dcd6f60] Heap_lock - owner thread: 0x0000017b2e878800

OutOfMemory and StackOverflow Exception counts:
OutOfMemoryError java_heap_errors=7
LinkageErrors=43

Heap address: 0x0000000081a00000, size: 2022 MB, Compressed Oops mode: 32-bit
Narrow klass base: 0x0000000000000000, Narrow klass shift: 3
Compressed class space size: 1073741824 Address: 0x0000000100000000

Heap:
 garbage-first heap   total 131072K, used 8466K [0x0000000081a00000, 0x0000000100000000)
  region size 1024K, 5 young (5120K), 5 survivors (5120K)
 Metaspace       used 18888K, capacity 19575K, committed 19712K, reserved 1091584K
  class space    used 2209K, capacity 2477K, committed 2560K, reserved 1048576K
Heap Regions: E=young(eden), S=young(survivor), O=old, HS=humongous(starts), HC=humongous(continues), CS=collection set, F=free, A=archive, TAMS=top-at-mark-start (previous, next)
|   0|0x0000000081a00000, 0x0000000081b00000, 0x0000000081b00000|100%|HS|  |TAMS 0x0000000081b00000, 0x0000000081b00000| Complete 
|   1|0x0000000081b00000, 0x0000000081c00000, 0x0000000081c00000|100%| O|  |TAMS 0x0000000081c00000, 0x0000000081c00000| Untracked 
|   2|0x0000000081c00000, 0x0000000081d00000, 0x0000000081d00000|100%| O|  |TAMS 0x0000000081d00000, 0x0000000081d00000| Untracked 
|   3|0x0000000081d00000, 0x0000000081dfe400, 0x0000000081e00000| 99%| O|  |TAMS 0x0000000081dfe400, 0x0000000081dfe400| Untracked 
|   4|0x0000000081e00000, 0x0000000081e00000, 0x0000000081f00000|  0%| F|  |TAMS 0x0000000081e00000, 0x0000000081e00000| Untracked 
|   5|0x0000000081f00000, 0x0000000081f00000, 0x0000000082000000|  0%| F|  |TAMS 0x0000000081f00000, 0x0000000081f00000| Untracked 
|   6|0x0000000082000000, 0x0000000082000000, 0x0000000082100000|  0%| F|  |TAMS 0x0000000082000000, 0x0000000082000000| Untracked 
|   7|0x0000000082100000, 0x0000000082100000, 0x0000000082200000|  0%| F|  |TAMS 0x0000000082100000, 0x0000000082100000| Untracked 
|   8|0x0000000082200000, 0x0000000082200000, 0x0000000082300000|  0%| F|  |TAMS 0x0000000082200000, 0x0000000082200000| Untracked 
|   9|0x0000000082300000, 0x0000000082300000, 0x0000000082400000|  0%| F|  |TAMS 0x0000000082300000, 0x0000000082300000| Untracked 
|  10|0x0000000082400000, 0x0000000082400000, 0x0000000082500000|  0%| F|  |TAMS 0x0000000082400000, 0x0000000082400000| Untracked 
|  11|0x0000000082500000, 0x0000000082500000, 0x0000000082600000|  0%| F|  |TAMS 0x0000000082500000, 0x0000000082500000| Untracked 
|  12|0x0000000082600000, 0x0000000082600000, 0x0000000082700000|  0%| F|  |TAMS 0x0000000082600000, 0x0000000082600000| Untracked 
|  13|0x0000000082700000, 0x0000000082700000, 0x0000000082800000|  0%| F|  |TAMS 0x0000000082700000, 0x0000000082700000| Untracked 
|  14|0x0000000082800000, 0x0000000082800000, 0x0000000082900000|  0%| F|  |TAMS 0x0000000082800000, 0x0000000082800000| Untracked 
|  15|0x0000000082900000, 0x0000000082900000, 0x0000000082a00000|  0%| F|  |TAMS 0x0000000082900000, 0x0000000082900000| Untracked 
|  16|0x0000000082a00000, 0x0000000082a00000, 0x0000000082b00000|  0%| F|  |TAMS 0x0000000082a00000, 0x0000000082a00000| Untracked 
|  17|0x0000000082b00000, 0x0000000082b00000, 0x0000000082c00000|  0%| F|  |TAMS 0x0000000082b00000, 0x0000000082b00000| Untracked 
|  18|0x0000000082c00000, 0x0000000082c00000, 0x0000000082d00000|  0%| F|  |TAMS 0x0000000082c00000, 0x0000000082c00000| Untracked 
|  19|0x0000000082d00000, 0x0000000082d00000, 0x0000000082e00000|  0%| F|  |TAMS 0x0000000082d00000, 0x0000000082d00000| Untracked 
|  20|0x0000000082e00000, 0x0000000082e00000, 0x0000000082f00000|  0%| F|  |TAMS 0x0000000082e00000, 0x0000000082e00000| Untracked 
|  21|0x0000000082f00000, 0x0000000082f00000, 0x0000000083000000|  0%| F|  |TAMS 0x0000000082f00000, 0x0000000082f00000| Untracked 
|  22|0x0000000083000000, 0x0000000083000000, 0x0000000083100000|  0%| F|  |TAMS 0x0000000083000000, 0x0000000083000000| Untracked 
|  23|0x0000000083100000, 0x0000000083100000, 0x0000000083200000|  0%| F|  |TAMS 0x0000000083100000, 0x0000000083100000| Untracked 
|  24|0x0000000083200000, 0x0000000083200000, 0x0000000083300000|  0%| F|  |TAMS 0x0000000083200000, 0x0000000083200000| Untracked 
|  25|0x0000000083300000, 0x0000000083300000, 0x0000000083400000|  0%| F|  |TAMS 0x0000000083300000, 0x0000000083300000| Untracked 
|  26|0x0000000083400000, 0x0000000083400000, 0x0000000083500000|  0%| F|  |TAMS 0x0000000083400000, 0x0000000083400000| Untracked 
|  27|0x0000000083500000, 0x0000000083500000, 0x0000000083600000|  0%| F|  |TAMS 0x0000000083500000, 0x0000000083500000| Untracked 
|  28|0x0000000083600000, 0x0000000083600000, 0x0000000083700000|  0%| F|  |TAMS 0x0000000083600000, 0x0000000083600000| Untracked 
|  29|0x0000000083700000, 0x0000000083700000, 0x0000000083800000|  0%| F|  |TAMS 0x0000000083700000, 0x0000000083700000| Untracked 
|  30|0x0000000083800000, 0x0000000083800000, 0x0000000083900000|  0%| F|  |TAMS 0x0000000083800000, 0x0000000083800000| Untracked 
|  31|0x0000000083900000, 0x0000000083900000, 0x0000000083a00000|  0%| F|  |TAMS 0x0000000083900000, 0x0000000083900000| Untracked 
|  32|0x0000000083a00000, 0x0000000083a00000, 0x0000000083b00000|  0%| F|  |TAMS 0x0000000083a00000, 0x0000000083a00000| Untracked 
|  33|0x0000000083b00000, 0x0000000083b00000, 0x0000000083c00000|  0%| F|  |TAMS 0x0000000083b00000, 0x0000000083b00000| Untracked 
|  34|0x0000000083c00000, 0x0000000083c00000, 0x0000000083d00000|  0%| F|  |TAMS 0x0000000083c00000, 0x0000000083c00000| Untracked 
|  35|0x0000000083d00000, 0x0000000083d00000, 0x0000000083e00000|  0%| F|  |TAMS 0x0000000083d00000, 0x0000000083d00000| Untracked 
|  36|0x0000000083e00000, 0x0000000083e00000, 0x0000000083f00000|  0%| F|  |TAMS 0x0000000083e00000, 0x0000000083e00000| Untracked 
|  37|0x0000000083f00000, 0x0000000083f00000, 0x0000000084000000|  0%| F|  |TAMS 0x0000000083f00000, 0x0000000083f00000| Untracked 
|  38|0x0000000084000000, 0x0000000084000000, 0x0000000084100000|  0%| F|  |TAMS 0x0000000084000000, 0x0000000084000000| Untracked 
|  39|0x0000000084100000, 0x0000000084100000, 0x0000000084200000|  0%| F|  |TAMS 0x0000000084100000, 0x0000000084100000| Untracked 
|  40|0x0000000084200000, 0x0000000084200000, 0x0000000084300000|  0%| F|  |TAMS 0x0000000084200000, 0x0000000084200000| Untracked 
|  41|0x0000000084300000, 0x0000000084300000, 0x0000000084400000|  0%| F|  |TAMS 0x0000000084300000, 0x0000000084300000| Untracked 
|  42|0x0000000084400000, 0x0000000084400000, 0x0000000084500000|  0%| F|  |TAMS 0x0000000084400000, 0x0000000084400000| Untracked 
|  43|0x0000000084500000, 0x0000000084500000, 0x0000000084600000|  0%| F|  |TAMS 0x0000000084500000, 0x0000000084500000| Untracked 
|  44|0x0000000084600000, 0x0000000084600000, 0x0000000084700000|  0%| F|  |TAMS 0x0000000084600000, 0x0000000084600000| Untracked 
|  45|0x0000000084700000, 0x0000000084700000, 0x0000000084800000|  0%| F|  |TAMS 0x0000000084700000, 0x0000000084700000| Untracked 
|  46|0x0000000084800000, 0x0000000084800000, 0x0000000084900000|  0%| F|  |TAMS 0x0000000084800000, 0x0000000084800000| Untracked 
|  47|0x0000000084900000, 0x0000000084900000, 0x0000000084a00000|  0%| F|  |TAMS 0x0000000084900000, 0x0000000084900000| Untracked 
|  48|0x0000000084a00000, 0x0000000084a00000, 0x0000000084b00000|  0%| F|  |TAMS 0x0000000084a00000, 0x0000000084a00000| Untracked 
|  49|0x0000000084b00000, 0x0000000084b00000, 0x0000000084c00000|  0%| F|  |TAMS 0x0000000084b00000, 0x0000000084b00000| Untracked 
|  50|0x0000000084c00000, 0x0000000084c00000, 0x0000000084d00000|  0%| F|  |TAMS 0x0000000084c00000, 0x0000000084c00000| Untracked 
|  51|0x0000000084d00000, 0x0000000084d00000, 0x0000000084e00000|  0%| F|  |TAMS 0x0000000084d00000, 0x0000000084d00000| Untracked 
|  52|0x0000000084e00000, 0x0000000084e00000, 0x0000000084f00000|  0%| F|  |TAMS 0x0000000084e00000, 0x0000000084e00000| Untracked 
|  53|0x0000000084f00000, 0x0000000084f00000, 0x0000000085000000|  0%| F|  |TAMS 0x0000000084f00000, 0x0000000084f00000| Untracked 
|  54|0x0000000085000000, 0x0000000085000000, 0x0000000085100000|  0%| F|  |TAMS 0x0000000085000000, 0x0000000085000000| Untracked 
|  55|0x0000000085100000, 0x0000000085100000, 0x0000000085200000|  0%| F|  |TAMS 0x0000000085100000, 0x0000000085100000| Untracked 
|  56|0x0000000085200000, 0x0000000085200000, 0x0000000085300000|  0%| F|  |TAMS 0x0000000085200000, 0x0000000085200000| Untracked 
|  57|0x0000000085300000, 0x0000000085300000, 0x0000000085400000|  0%| F|  |TAMS 0x0000000085300000, 0x0000000085300000| Untracked 
|  58|0x0000000085400000, 0x0000000085400000, 0x0000000085500000|  0%| F|  |TAMS 0x0000000085400000, 0x0000000085400000| Untracked 
|  59|0x0000000085500000, 0x0000000085500000, 0x0000000085600000|  0%| F|  |TAMS 0x0000000085500000, 0x0000000085500000| Untracked 
|  60|0x0000000085600000, 0x0000000085600000, 0x0000000085700000|  0%| F|  |TAMS 0x0000000085600000, 0x0000000085600000| Untracked 
|  61|0x0000000085700000, 0x0000000085700000, 0x0000000085800000|  0%| F|  |TAMS 0x0000000085700000, 0x0000000085700000| Untracked 
|  62|0x0000000085800000, 0x0000000085800000, 0x0000000085900000|  0%| F|  |TAMS 0x0000000085800000, 0x0000000085800000| Untracked 
|  63|0x0000000085900000, 0x0000000085900000, 0x0000000085a00000|  0%| F|  |TAMS 0x0000000085900000, 0x0000000085900000| Untracked 
|  64|0x0000000085a00000, 0x0000000085a00000, 0x0000000085b00000|  0%| F|  |TAMS 0x0000000085a00000, 0x0000000085a00000| Untracked 
|  65|0x0000000085b00000, 0x0000000085b00000, 0x0000000085c00000|  0%| F|  |TAMS 0x0000000085b00000, 0x0000000085b00000| Untracked 
|  66|0x0000000085c00000, 0x0000000085c00000, 0x0000000085d00000|  0%| F|  |TAMS 0x0000000085c00000, 0x0000000085c00000| Untracked 
|  67|0x0000000085d00000, 0x0000000085d00000, 0x0000000085e00000|  0%| F|  |TAMS 0x0000000085d00000, 0x0000000085d00000| Untracked 
|  68|0x0000000085e00000, 0x0000000085e00000, 0x0000000085f00000|  0%| F|  |TAMS 0x0000000085e00000, 0x0000000085e00000| Untracked 
|  69|0x0000000085f00000, 0x0000000085f00000, 0x0000000086000000|  0%| F|  |TAMS 0x0000000085f00000, 0x0000000085f00000| Untracked 
|  70|0x0000000086000000, 0x0000000086000000, 0x0000000086100000|  0%| F|  |TAMS 0x0000000086000000, 0x0000000086000000| Untracked 
|  71|0x0000000086100000, 0x0000000086100000, 0x0000000086200000|  0%| F|  |TAMS 0x0000000086100000, 0x0000000086100000| Untracked 
|  72|0x0000000086200000, 0x0000000086200000, 0x0000000086300000|  0%| F|  |TAMS 0x0000000086200000, 0x0000000086200000| Untracked 
|  73|0x0000000086300000, 0x0000000086300000, 0x0000000086400000|  0%| F|  |TAMS 0x0000000086300000, 0x0000000086300000| Untracked 
|  74|0x0000000086400000, 0x0000000086400000, 0x0000000086500000|  0%| F|  |TAMS 0x0000000086400000, 0x0000000086400000| Untracked 
|  75|0x0000000086500000, 0x0000000086500000, 0x0000000086600000|  0%| F|  |TAMS 0x0000000086500000, 0x0000000086500000| Untracked 
|  76|0x0000000086600000, 0x0000000086600000, 0x0000000086700000|  0%| F|  |TAMS 0x0000000086600000, 0x0000000086600000| Untracked 
|  77|0x0000000086700000, 0x0000000086700000, 0x0000000086800000|  0%| F|  |TAMS 0x0000000086700000, 0x0000000086700000| Untracked 
|  78|0x0000000086800000, 0x0000000086800000, 0x0000000086900000|  0%| F|  |TAMS 0x0000000086800000, 0x0000000086800000| Untracked 
|  79|0x0000000086900000, 0x0000000086900000, 0x0000000086a00000|  0%| F|  |TAMS 0x0000000086900000, 0x0000000086900000| Untracked 
|  80|0x0000000086a00000, 0x0000000086a00000, 0x0000000086b00000|  0%| F|  |TAMS 0x0000000086a00000, 0x0000000086a00000| Untracked 
|  81|0x0000000086b00000, 0x0000000086b00000, 0x0000000086c00000|  0%| F|  |TAMS 0x0000000086b00000, 0x0000000086b00000| Untracked 
|  82|0x0000000086c00000, 0x0000000086c00000, 0x0000000086d00000|  0%| F|  |TAMS 0x0000000086c00000, 0x0000000086c00000| Untracked 
|  83|0x0000000086d00000, 0x0000000086d00000, 0x0000000086e00000|  0%| F|  |TAMS 0x0000000086d00000, 0x0000000086d00000| Untracked 
|  84|0x0000000086e00000, 0x0000000086e00000, 0x0000000086f00000|  0%| F|  |TAMS 0x0000000086e00000, 0x0000000086e00000| Untracked 
|  85|0x0000000086f00000, 0x0000000086f00000, 0x0000000087000000|  0%| F|  |TAMS 0x0000000086f00000, 0x0000000086f00000| Untracked 
|  86|0x0000000087000000, 0x0000000087000000, 0x0000000087100000|  0%| F|  |TAMS 0x0000000087000000, 0x0000000087000000| Untracked 
|  87|0x0000000087100000, 0x0000000087100000, 0x0000000087200000|  0%| F|  |TAMS 0x0000000087100000, 0x0000000087100000| Untracked 
|  88|0x0000000087200000, 0x0000000087200000, 0x0000000087300000|  0%| F|  |TAMS 0x0000000087200000, 0x0000000087200000| Untracked 
|  89|0x0000000087300000, 0x0000000087300000, 0x0000000087400000|  0%| F|  |TAMS 0x0000000087300000, 0x0000000087300000| Untracked 
|  90|0x0000000087400000, 0x0000000087400000, 0x0000000087500000|  0%| F|  |TAMS 0x0000000087400000, 0x0000000087400000| Untracked 
|  91|0x0000000087500000, 0x0000000087500000, 0x0000000087600000|  0%| F|  |TAMS 0x0000000087500000, 0x0000000087500000| Untracked 
|  92|0x0000000087600000, 0x0000000087600000, 0x0000000087700000|  0%| F|  |TAMS 0x0000000087600000, 0x0000000087600000| Untracked 
|  93|0x0000000087700000, 0x0000000087700000, 0x0000000087800000|  0%| F|  |TAMS 0x0000000087700000, 0x0000000087700000| Untracked 
|  94|0x0000000087800000, 0x0000000087800000, 0x0000000087900000|  0%| F|  |TAMS 0x0000000087800000, 0x0000000087800000| Untracked 
|  95|0x0000000087900000, 0x0000000087900000, 0x0000000087a00000|  0%| F|  |TAMS 0x0000000087900000, 0x0000000087900000| Untracked 
|  96|0x0000000087a00000, 0x0000000087a00000, 0x0000000087b00000|  0%| F|  |TAMS 0x0000000087a00000, 0x0000000087a00000| Untracked 
|  97|0x0000000087b00000, 0x0000000087b00000, 0x0000000087c00000|  0%| F|  |TAMS 0x0000000087b00000, 0x0000000087b00000| Untracked 
|  98|0x0000000087c00000, 0x0000000087c00000, 0x0000000087d00000|  0%| F|  |TAMS 0x0000000087c00000, 0x0000000087c00000| Untracked 
|  99|0x0000000087d00000, 0x0000000087d00000, 0x0000000087e00000|  0%| F|  |TAMS 0x0000000087d00000, 0x0000000087d00000| Untracked 
| 100|0x0000000087e00000, 0x0000000087e00000, 0x0000000087f00000|  0%| F|  |TAMS 0x0000000087e00000, 0x0000000087e00000| Untracked 
| 101|0x0000000087f00000, 0x0000000087f00000, 0x0000000088000000|  0%| F|  |TAMS 0x0000000087f00000, 0x0000000087f00000| Untracked 
| 102|0x0000000088000000, 0x0000000088000000, 0x0000000088100000|  0%| F|  |TAMS 0x0000000088000000, 0x0000000088000000| Untracked 
| 103|0x0000000088100000, 0x0000000088100000, 0x0000000088200000|  0%| F|  |TAMS 0x0000000088100000, 0x0000000088100000| Untracked 
| 104|0x0000000088200000, 0x00000000882467f8, 0x0000000088300000| 27%| S|CS|TAMS 0x0000000088200000, 0x0000000088200000| Complete 
| 105|0x0000000088300000, 0x0000000088400000, 0x0000000088400000|100%| S|CS|TAMS 0x0000000088300000, 0x0000000088300000| Complete 
| 106|0x0000000088400000, 0x0000000088500000, 0x0000000088500000|100%| S|CS|TAMS 0x0000000088400000, 0x0000000088400000| Complete 
| 107|0x0000000088500000, 0x0000000088600000, 0x0000000088600000|100%| S|CS|TAMS 0x0000000088500000, 0x0000000088500000| Complete 
| 108|0x0000000088600000, 0x0000000088700000, 0x0000000088700000|100%| S|CS|TAMS 0x0000000088600000, 0x0000000088600000| Complete 
| 109|0x0000000088700000, 0x0000000088700000, 0x0000000088800000|  0%| F|  |TAMS 0x0000000088700000, 0x0000000088700000| Untracked 
| 110|0x0000000088800000, 0x0000000088800000, 0x0000000088900000|  0%| F|  |TAMS 0x0000000088800000, 0x0000000088800000| Untracked 
| 111|0x0000000088900000, 0x0000000088900000, 0x0000000088a00000|  0%| F|  |TAMS 0x0000000088900000, 0x0000000088900000| Untracked 
| 112|0x0000000088a00000, 0x0000000088a00000, 0x0000000088b00000|  0%| F|  |TAMS 0x0000000088a00000, 0x0000000088a00000| Untracked 
| 113|0x0000000088b00000, 0x0000000088b00000, 0x0000000088c00000|  0%| F|  |TAMS 0x0000000088b00000, 0x0000000088b00000| Untracked 
| 114|0x0000000088c00000, 0x0000000088c00000, 0x0000000088d00000|  0%| F|  |TAMS 0x0000000088c00000, 0x0000000088c00000| Untracked 
| 115|0x0000000088d00000, 0x0000000088d00000, 0x0000000088e00000|  0%| F|  |TAMS 0x0000000088d00000, 0x0000000088d00000| Untracked 
| 116|0x0000000088e00000, 0x0000000088e00000, 0x0000000088f00000|  0%| F|  |TAMS 0x0000000088e00000, 0x0000000088e00000| Untracked 
| 117|0x0000000088f00000, 0x0000000088f00000, 0x0000000089000000|  0%| F|  |TAMS 0x0000000088f00000, 0x0000000088f00000| Untracked 
| 118|0x0000000089000000, 0x0000000089000000, 0x0000000089100000|  0%| F|  |TAMS 0x0000000089000000, 0x0000000089000000| Untracked 
| 119|0x0000000089100000, 0x0000000089100000, 0x0000000089200000|  0%| F|  |TAMS 0x0000000089100000, 0x0000000089100000| Untracked 
| 120|0x0000000089200000, 0x0000000089200000, 0x0000000089300000|  0%| F|  |TAMS 0x0000000089200000, 0x0000000089200000| Untracked 
| 121|0x0000000089300000, 0x0000000089300000, 0x0000000089400000|  0%| F|  |TAMS 0x0000000089300000, 0x0000000089300000| Untracked 
| 122|0x0000000089400000, 0x0000000089400000, 0x0000000089500000|  0%| F|  |TAMS 0x0000000089400000, 0x0000000089400000| Untracked 
| 123|0x0000000089500000, 0x0000000089500000, 0x0000000089600000|  0%| F|  |TAMS 0x0000000089500000, 0x0000000089500000| Untracked 
| 124|0x0000000089600000, 0x0000000089600000, 0x0000000089700000|  0%| F|  |TAMS 0x0000000089600000, 0x0000000089600000| Untracked 
| 125|0x0000000089700000, 0x0000000089700000, 0x0000000089800000|  0%| F|  |TAMS 0x0000000089700000, 0x0000000089700000| Untracked 
| 126|0x0000000089800000, 0x0000000089800000, 0x0000000089900000|  0%| F|  |TAMS 0x0000000089800000, 0x0000000089800000| Untracked 
| 127|0x0000000089900000, 0x0000000089900000, 0x0000000089a00000|  0%| F|  |TAMS 0x0000000089900000, 0x0000000089900000| Untracked 

Card table byte_map: [0x0000017b25740000,0x0000017b25b40000] _byte_map_base: 0x0000017b25333000

Marking Bits (Prev, Next): (CMBitMap*) 0x0000017b0dd19680, (CMBitMap*) 0x0000017b0dd19648
 Prev Bits: [0x0000017b27ee0000, 0x0000017b29e78000)
 Next Bits: [0x0000017b25f40000, 0x0000017b27ed8000)

Polling page: 0x0000017b0bbb0000

Metaspace:

Usage:
  Non-class:     16.70 MB capacity,    16.29 MB ( 98%) used,   350.41 KB (  2%) free+waste,    67.75 KB ( <1%) overhead. 
      Class:      2.42 MB capacity,     2.16 MB ( 89%) used,   232.70 KB (  9%) free+waste,    35.25 KB (  1%) overhead. 
       Both:     19.12 MB capacity,    18.45 MB ( 96%) used,   583.11 KB (  3%) free+waste,   103.00 KB ( <1%) overhead. 

Virtual space:
  Non-class space:       42.00 MB reserved,      16.75 MB ( 40%) committed 
      Class space:        1.00 GB reserved,       2.50 MB ( <1%) committed 
             Both:        1.04 GB reserved,      19.25 MB (  2%) committed 

Chunk freelists:
   Non-Class:  6.75 KB
       Class:  2.38 KB
        Both:  9.13 KB

CodeHeap 'non-profiled nmethods': size=238336Kb used=2891Kb max_used=2891Kb free=235444Kb
 bounds [0x0000017b16740000, 0x0000017b16a20000, 0x0000017b25000000]
CodeHeap 'non-nmethods': size=7424Kb used=2827Kb max_used=2827Kb free=4596Kb
 bounds [0x0000017b16000000, 0x0000017b162d0000, 0x0000017b16740000]
 total_blobs=2432 nmethods=1950 adapters=389
 compilation: enabled
              stopped_count=0, restarted_count=0
 full_count=0

Compilation events (10 events):
Event: 1.366 Thread 0x0000017b2db29800 1946       1       java.lang.invoke.ConstantCallSite::<init> (11 bytes)
Event: 1.366 Thread 0x0000017b2db23800 1947       1       java.lang.invoke.CallSite::<init> (23 bytes)
Event: 1.367 Thread 0x0000017b2db29800 nmethod 1946 0x0000017b16a0b990 code [0x0000017b16a0bb60, 0x0000017b16a0bed0]
Event: 1.367 Thread 0x0000017b2db23800 nmethod 1947 0x0000017b16a0c090 code [0x0000017b16a0c260, 0x0000017b16a0c5d0]
Event: 1.367 Thread 0x0000017b2db29800 1948       1       java.lang.invoke.MethodHandleNatives$CallSiteContext::make (19 bytes)
Event: 1.367 Thread 0x0000017b2db23800 1949       1       java.lang.invoke.MethodHandleNatives$CallSiteContext::<init> (5 bytes)
Event: 1.367 Thread 0x0000017b2db23800 nmethod 1949 0x0000017b16a0c710 code [0x0000017b16a0c8c0, 0x0000017b16a0c9d8]
Event: 1.367 Thread 0x0000017b2d3be000 nmethod 1942 0x0000017b16a0ca90 code [0x0000017b16a0cd40, 0x0000017b16a0d460]
Event: 1.367 Thread 0x0000017b2db29800 nmethod 1948 0x0000017b16a0dc90 code [0x0000017b16a0de60, 0x0000017b16a0e180]
Event: 1.369 Thread 0x0000017b2d287000 nmethod 1943 0x0000017b16a0e310 code [0x0000017b16a0e820, 0x0000017b16a10650]

GC Heap History (6 events):
Event: 0.978 GC heap before
{Heap before GC invocations=0 (full 0):
 garbage-first heap   total 131072K, used 24576K [0x0000000081a00000, 0x0000000100000000)
  region size 1024K, 24 young (24576K), 0 survivors (0K)
 Metaspace       used 14378K, capacity 14843K, committed 15104K, reserved 1062912K
  class space    used 1551K, capacity 1713K, committed 1792K, reserved 1048576K
}
Event: 0.984 GC heap after
{Heap after GC invocations=1 (full 0):
 garbage-first heap   total 131072K, used 7161K [0x0000000081a00000, 0x0000000100000000)
  region size 1024K, 3 young (3072K), 3 survivors (3072K)
 Metaspace       used 14378K, capacity 14843K, committed 15104K, reserved 1062912K
  class space    used 1551K, capacity 1713K, committed 1792K, reserved 1048576K
}
Event: 1.164 GC heap before
{Heap before GC invocations=1 (full 0):
 garbage-first heap   total 131072K, used 60409K [0x0000000081a00000, 0x0000000100000000)
  region size 1024K, 57 young (58368K), 3 survivors (3072K)
 Metaspace       used 16294K, capacity 16818K, committed 16896K, reserved 1081344K
  class space    used 1811K, capacity 2016K, committed 2048K, reserved 1048576K
}
Event: 1.170 GC heap after
{Heap after GC invocations=2 (full 0):
 garbage-first heap   total 131072K, used 7894K [0x0000000081a00000, 0x0000000100000000)
  region size 1024K, 4 young (4096K), 4 survivors (4096K)
 Metaspace       used 16294K, capacity 16818K, committed 16896K, reserved 1081344K
  class space    used 1811K, capacity 2016K, committed 2048K, reserved 1048576K
}
Event: 1.378 GC heap before
{Heap before GC invocations=3 (full 0):
 garbage-first heap   total 131072K, used 26326K [0x0000000081a00000, 0x0000000100000000)
  region size 1024K, 23 young (23552K), 4 survivors (4096K)
 Metaspace       used 18888K, capacity 19575K, committed 19712K, reserved 1089536K
  class space    used 2209K, capacity 2477K, committed 2560K, reserved 1048576K
}
Event: 1.382 GC heap after
{Heap after GC invocations=4 (full 0):
 garbage-first heap   total 131072K, used 8466K [0x0000000081a00000, 0x0000000100000000)
  region size 1024K, 5 young (5120K), 5 survivors (5120K)
 Metaspace       used 18888K, capacity 19575K, committed 19712K, reserved 1089536K
  class space    used 2209K, capacity 2477K, committed 2560K, reserved 1048576K
}

Deoptimization events (0 events):
No events

Classes redefined (0 events):
No events

Internal exceptions (10 events):
Event: 1.278 Thread 0x0000017b2e88c000 Exception <a 'java/lang/OutOfMemoryError'{0x00000000890d0478}> (0x00000000890d0478) thrown at [t:/workspace/open/src/hotspot/share/oops/instanceKlass.cpp, line 1030]
Event: 1.278 Thread 0x0000017b2e878800 Exception <a 'java/lang/NoSuchMethodError'{0x000000008909d988}: java.lang.invoke.Invokers$Holder.linkToTargetMethod(Ljava/lang/Object;Ljava/lang/Object;Ljava/lang/Object;Ljava/lang/Object;Ljava/lang/Object;Ljava/lang/Object;)Ljava/lang/Object;> (0x0000000
Event: 1.279 Thread 0x0000017b2e88c000 Exception <a 'java/lang/NoClassDefFoundError'{0x00000000890edd10}: Could not initialize class com.fasterxml.jackson.databind.ObjectMapper> (0x00000000890edd10) thrown at [t:/workspace/open/src/hotspot/share/oops/instanceKlass.cpp, line 946]
Event: 1.279 Thread 0x0000017b2e878800 Exception <a 'java/lang/NoSuchMethodError'{0x00000000890a15a0}: java.lang.invoke.DirectMethodHandle$Holder.invokeSpecial(Ljava/lang/Object;Ljava/lang/Object;Ljava/lang/Object;Ljava/lang/Object;)I> (0x00000000890a15a0) thrown at [t:/workspace/open/src/hots
Event: 1.300 Thread 0x0000017b2e878800 Exception <a 'java/lang/NoSuchMethodError'{0x0000000088eeba00}: java.lang.invoke.DirectMethodHandle$Holder.invokeSpecial(Ljava/lang/Object;Ljava/lang/Object;Ljava/lang/Object;Ljava/lang/Object;Ljava/lang/Object;Ljava/lang/Object;I)Ljava/lang/Object;> (0x0
Event: 1.300 Thread 0x0000017b2e878800 Exception <a 'java/lang/NoSuchMethodError'{0x0000000088ef5460}: java.lang.invoke.DirectMethodHandle$Holder.invokeSpecial(Ljava/lang/Object;Ljava/lang/Object;Ljava/lang/Object;Ljava/lang/Object;Ljava/lang/Object;Ljava/lang/Object;Ljava/lang/Object;I)Ljava/
Event: 1.301 Thread 0x0000017b2e878800 Exception <a 'java/lang/NoSuchMethodError'{0x0000000088ef9308}: java.lang.invoke.Invokers$Holder.linkToTargetMethod(Ljava/lang/Object;Ljava/lang/Object;Ljava/lang/Object;Ljava/lang/Object;Ljava/lang/Object;ILjava/lang/Object;)Ljava/lang/Object;> (0x000000
Event: 1.302 Thread 0x0000017b2e878800 Exception <a 'java/lang/NoSuchMethodError'{0x0000000088d0b3c8}: java.lang.invoke.DirectMethodHandle$Holder.invokeStatic(Ljava/lang/Object;Ljava/lang/Object;Ljava/lang/Object;Ljava/lang/Object;)V> (0x0000000088d0b3c8) thrown at [t:/workspace/open/src/hotsp
Event: 1.325 Thread 0x0000017b2e878800 Exception <a 'java/lang/NoSuchMethodError'{0x0000000088b10168}: java.lang.invoke.DirectMethodHandle$Holder.invokeStaticInit(Ljava/lang/Object;Ljava/lang/Object;)V> (0x0000000088b10168) thrown at [t:/workspace/open/src/hotspot/share/interpreter/linkResolve
Event: 1.372 Thread 0x0000017b2e878800 Exception <a 'java/lang/NoSuchMethodError'{0x00000000888d59a0}: java.lang.invoke.DirectMethodHandle$Holder.invokeSpecialIFC(Ljava/lang/Object;Ljava/lang/Object;I)I> (0x00000000888d59a0) thrown at [t:/workspace/open/src/hotspot/share/interpreter/linkResolv

Events (10 events):
Event: 1.376 loading class org/springframework/boot/convert/LenientObjectToEnumConverterFactory$LenientToEnumConverter done
Event: 1.376 loading class org/springframework/boot/context/properties/source/ConfigurationPropertyName$ElementCharPredicate
Event: 1.376 loading class org/springframework/boot/context/properties/source/ConfigurationPropertyName$ElementCharPredicate done
Event: 1.377 loading class org/springframework/core/convert/support/ConversionUtils
Event: 1.377 loading class org/springframework/core/convert/support/ConversionUtils done
Event: 1.377 loading class org/springframework/boot/context/properties/source/ConfigurationPropertyName
Event: 1.377 loading class org/springframework/boot/context/properties/source/ConfigurationPropertyName done
Event: 1.377 loading class org/springframework/boot/context/properties/bind/MapBinder$EntryBinder
Event: 1.377 loading class org/springframework/boot/context/properties/bind/MapBinder$EntryBinder done
Event: 1.377 Executing VM operation: CollectForMetadataAllocation


Dynamic libraries:
0x00007ff6e8bd0000 - 0x00007ff6e8c17000 	C:\Program Files\Java\jdk-11.0.3\bin\javaw.exe
0x00007ff8b8620000 - 0x00007ff8b880d000 	C:\WINDOWS\SYSTEM32\ntdll.dll
0x00007ff885090000 - 0x00007ff8850a3000 	C:\Program Files\AVG\Antivirus\aswhook.dll
0x00007ff8b4fd0000 - 0x00007ff8b5083000 	C:\WINDOWS\System32\KERNEL32.DLL
0x00007ff8b4050000 - 0x00007ff8b42e5000 	C:\WINDOWS\System32\KERNELBASE.dll
0x00007ff8b5bb0000 - 0x00007ff8b5c53000 	C:\WINDOWS\System32\ADVAPI32.dll
0x00007ff8b4f30000 - 0x00007ff8b4fce000 	C:\WINDOWS\System32\msvcrt.dll
0x00007ff8b50b0000 - 0x00007ff8b514e000 	C:\WINDOWS\System32\sechost.dll
0x00007ff8b7ec0000 - 0x00007ff8b7fe2000 	C:\WINDOWS\System32\RPCRT4.dll
0x00007ff8b8450000 - 0x00007ff8b85e7000 	C:\WINDOWS\System32\USER32.dll
0x00007ff8b42f0000 - 0x00007ff8b4310000 	C:\WINDOWS\System32\win32u.dll
0x00007ff8b4eb0000 - 0x00007ff8b4ed9000 	C:\WINDOWS\System32\GDI32.dll
0x00007ff8b4bb0000 - 0x00007ff8b4d49000 	C:\WINDOWS\System32\gdi32full.dll
0x00007ff8b4b10000 - 0x00007ff8b4bb0000 	C:\WINDOWS\System32\msvcp_win.dll
0x00007ff8b3f50000 - 0x00007ff8b404a000 	C:\WINDOWS\System32\ucrtbase.dll
0x00007ff8a4d30000 - 0x00007ff8a4fa9000 	C:\WINDOWS\WinSxS\amd64_microsoft.windows.common-controls_6595b64144ccf1df_6.0.17763.1158_none_de722d88534a897f\COMCTL32.dll
0x00007ff8b5640000 - 0x00007ff8b596c000 	C:\WINDOWS\System32\combase.dll
0x00007ff8b4e00000 - 0x00007ff8b4e7e000 	C:\WINDOWS\System32\bcryptPrimitives.dll
0x00007ff8ac570000 - 0x00007ff8ac57a000 	C:\WINDOWS\SYSTEM32\VERSION.dll
0x00007ff8b4f00000 - 0x00007ff8b4f2e000 	C:\WINDOWS\System32\IMM32.DLL
0x00007ff89f290000 - 0x00007ff89f2a6000 	C:\Program Files\Java\jdk-11.0.3\bin\vcruntime140.dll
0x00007ff88e070000 - 0x00007ff88e11a000 	C:\Program Files\Java\jdk-11.0.3\bin\msvcp140.dll
0x00007ff866660000 - 0x00007ff867187000 	C:\Program Files\Java\jdk-11.0.3\bin\server\jvm.dll
0x00007ff8b4ea0000 - 0x00007ff8b4ea8000 	C:\WINDOWS\System32\PSAPI.DLL
0x00007ff8a3cd0000 - 0x00007ff8a3cd9000 	C:\WINDOWS\SYSTEM32\WSOCK32.dll
0x00007ff8b55d0000 - 0x00007ff8b563d000 	C:\WINDOWS\System32\WS2_32.dll
0x00007ff8b1eb0000 - 0x00007ff8b1ed4000 	C:\WINDOWS\SYSTEM32\WINMM.dll
0x00007ff8b1df0000 - 0x00007ff8b1e1d000 	C:\WINDOWS\SYSTEM32\WINMMBASE.dll
0x00007ff8b4ac0000 - 0x00007ff8b4b0a000 	C:\WINDOWS\System32\cfgmgr32.dll
0x00007ff8b3c70000 - 0x00007ff8b3c81000 	C:\WINDOWS\System32\kernel.appcore.dll
0x00007ff89d930000 - 0x00007ff89d941000 	C:\Program Files\Java\jdk-11.0.3\bin\verify.dll
0x00007ff8a6a60000 - 0x00007ff8a6c4d000 	C:\WINDOWS\SYSTEM32\DBGHELP.DLL
0x00007ff8a6a30000 - 0x00007ff8a6a5a000 	C:\WINDOWS\SYSTEM32\dbgcore.DLL
0x00007ff89bbb0000 - 0x00007ff89bbd9000 	C:\Program Files\Java\jdk-11.0.3\bin\java.dll
0x00007ff89bb90000 - 0x00007ff89bba6000 	C:\Program Files\Java\jdk-11.0.3\bin\zip.dll
0x00007ff8a6220000 - 0x00007ff8a622a000 	C:\Program Files\Java\jdk-11.0.3\bin\jimage.dll
0x00007ff8b6680000 - 0x00007ff8b7b74000 	C:\WINDOWS\System32\SHELL32.dll
0x00007ff8b5a80000 - 0x00007ff8b5b28000 	C:\WINDOWS\System32\shcore.dll
0x00007ff8b4370000 - 0x00007ff8b4abd000 	C:\WINDOWS\System32\windows.storage.dll
0x00007ff8b3cb0000 - 0x00007ff8b3cd4000 	C:\WINDOWS\System32\profapi.dll
0x00007ff8b3ce0000 - 0x00007ff8b3d3d000 	C:\WINDOWS\System32\powrprof.dll
0x00007ff8b7be0000 - 0x00007ff8b7c32000 	C:\WINDOWS\System32\shlwapi.dll
0x00007ff8b4e80000 - 0x00007ff8b4e97000 	C:\WINDOWS\System32\cryptsp.dll
0x00007ff88e050000 - 0x00007ff88e069000 	C:\Program Files\Java\jdk-11.0.3\bin\net.dll
0x00007ff8b7cc0000 - 0x00007ff8b7e97000 	C:\WINDOWS\System32\urlmon.dll
0x00007ff8b7ff0000 - 0x00007ff8b8298000 	C:\WINDOWS\System32\iertutil.dll
0x00007ff8ab110000 - 0x00007ff8ab202000 	C:\WINDOWS\SYSTEM32\WINHTTP.dll
0x00007ff8b3650000 - 0x00007ff8b365c000 	C:\WINDOWS\SYSTEM32\CRYPTBASE.DLL
0x00007ff8b3480000 - 0x00007ff8b34e7000 	C:\WINDOWS\system32\mswsock.dll
0x00007ff88e030000 - 0x00007ff88e043000 	C:\Program Files\Java\jdk-11.0.3\bin\nio.dll
0x00007ff8a61d0000 - 0x00007ff8a61d9000 	C:\Program Files\Java\jdk-11.0.3\bin\management.dll
0x00007ff8a4280000 - 0x00007ff8a428c000 	C:\Program Files\Java\jdk-11.0.3\bin\management_ext.dll
0x00007ff8af090000 - 0x00007ff8af0a6000 	C:\WINDOWS\system32\napinsp.dll
0x00007ff89ba40000 - 0x00007ff89ba5a000 	C:\WINDOWS\system32\pnrpnsp.dll
0x00007ff8b31f0000 - 0x00007ff8b32b7000 	C:\WINDOWS\SYSTEM32\DNSAPI.dll
0x00007ff8b4ef0000 - 0x00007ff8b4ef8000 	C:\WINDOWS\System32\NSI.dll
0x00007ff8b31a0000 - 0x00007ff8b31dd000 	C:\WINDOWS\SYSTEM32\IPHLPAPI.DLL
0x00007ff8afd00000 - 0x00007ff8afd0e000 	C:\WINDOWS\System32\winrnr.dll
0x00007ff8b0040000 - 0x00007ff8b005b000 	C:\WINDOWS\system32\NLAapi.dll
0x00007ff8ab210000 - 0x00007ff8ab225000 	C:\WINDOWS\system32\wshbth.dll
0x00007ff8a4a00000 - 0x00007ff8a4a0a000 	C:\Windows\System32\rasadhlp.dll
0x00007ff8a4a30000 - 0x00007ff8a4aa9000 	C:\WINDOWS\System32\fwpuclnt.dll
0x00007ff8b3d40000 - 0x00007ff8b3d66000 	C:\WINDOWS\System32\bcrypt.dll
0x00007ff8b3000000 - 0x00007ff8b3033000 	C:\WINDOWS\system32\rsaenh.dll
0x00007ff8b3b70000 - 0x00007ff8b3b98000 	C:\WINDOWS\SYSTEM32\USERENV.dll
0x00007ff8ab3c0000 - 0x00007ff8ab3d6000 	C:\WINDOWS\SYSTEM32\dhcpcsvc6.DLL
0x00007ff8acb80000 - 0x00007ff8acb9c000 	C:\WINDOWS\SYSTEM32\dhcpcsvc.DLL

dbghelp: loaded successfully - version: 4.0.5 - missing functions: none
symbol engine: initialized successfully - sym options: 0x614 - pdb path: .;C:\Program Files\Java\jdk-11.0.3\bin;C:\WINDOWS\SYSTEM32;C:\Program Files\AVG\Antivirus;C:\WINDOWS\WinSxS\amd64_microsoft.windows.common-controls_6595b64144ccf1df_6.0.17763.1158_none_de722d88534a897f;C:\Program Files\Java\jdk-11.0.3\bin\server

VM Arguments:
jvm_args: -Dcom.sun.management.jmxremote -Dcom.sun.management.jmxremote.port=53533 -Dcom.sun.management.jmxremote.authenticate=false -Dcom.sun.management.jmxremote.ssl=false -Djava.rmi.server.hostname=localhost -Dspring.jmx.enabled=true -Dspring.application.admin.enabled=true -Xverify:none -XX:TieredStopAtLevel=1 -Dfile.encoding=UTF-8 
java_command: com.henryserrano.springboot.backend.apirest.SpringBootBackendApirestApplication
java_class_path (initial): C:\spring5\workspace\spring-boot-backend-apirest\target\classes;C:\Users\Henry\.m2\repository\org\springframework\boot\spring-boot-starter-data-jpa\2.2.7.RELEASE\spring-boot-starter-data-jpa-2.2.7.RELEASE.jar;C:\Users\Henry\.m2\repository\org\springframework\boot\spring-boot-starter-aop\2.2.7.RELEASE\spring-boot-starter-aop-2.2.7.RELEASE.jar;C:\Users\Henry\.m2\repository\org\springframework\spring-aop\5.2.6.RELEASE\spring-aop-5.2.6.RELEASE.jar;C:\Users\Henry\.m2\repository\org\aspectj\aspectjweaver\1.9.5\aspectjweaver-1.9.5.jar;C:\Users\Henry\.m2\repository\org\springframework\boot\spring-boot-starter-jdbc\2.2.7.RELEASE\spring-boot-starter-jdbc-2.2.7.RELEASE.jar;C:\Users\Henry\.m2\repository\com\zaxxer\HikariCP\3.4.3\HikariCP-3.4.3.jar;C:\Users\Henry\.m2\repository\org\springframework\spring-jdbc\5.2.6.RELEASE\spring-jdbc-5.2.6.RELEASE.jar;C:\Users\Henry\.m2\repository\jakarta\persistence\jakarta.persistence-api\2.2.3\jakarta.persistence-api-2.2.3.jar;C:\Users\Henry\.m2\repository\jakarta\transaction\jakarta.transaction-api\1.3.3\jakarta.transaction-api-1.3.3.jar;C:\Users\Henry\.m2\repository\org\hibernate\hibernate-core\5.4.15.Final\hibernate-core-5.4.15.Final.jar;C:\Users\Henry\.m2\repository\org\jboss\logging\jboss-logging\3.4.1.Final\jboss-logging-3.4.1.Final.jar;C:\Users\Henry\.m2\repository\org\javassist\javassist\3.24.0-GA\javassist-3.24.0-GA.jar;C:\Users\Henry\.m2\repository\net\bytebuddy\byte-buddy\1.10.10\byte-buddy-1.10.10.jar;C:\Users\Henry\.m2\repository\antlr\antlr\2.7.7\antlr-2.7.7.jar;C:\Users\Henry\.m2\repository\org\jboss\jandex\2.1.3.Final\jandex-2.1.3.Final.jar;C:\Users\Henry\.m2\repository\com\fasterxml\classmate\1.5.1\classmate-1.5.1.jar;C:\Users\Henry\.m2\repository\org\dom4j\dom4j\2.1.3\dom4j-2.1.3.jar;C:\Users\Henry\.m2\repository\org\hibernate\common\hibernate-commons-annotations\5.1.0.Final\hibernate-commons-annotations-5.1.0.Final.jar;C:\Users\Henry\.m2\repository\org\glassfish\jaxb\jaxb-runtime\2.3.3\jaxb-run
Launcher Type: SUN_STANDARD

[Global flags]
     bool BytecodeVerificationLocal                = false                                     {product} {command line}
     bool BytecodeVerificationRemote               = false                                     {product} {command line}
     intx CICompilerCount                          = 4                                         {product} {ergonomic}
     uint ConcGCThreads                            = 2                                         {product} {ergonomic}
     uint G1ConcRefinementThreads                  = 8                                         {product} {ergonomic}
   size_t G1HeapRegionSize                         = 1048576                                   {product} {ergonomic}
    uintx GCDrainStackTargetSize                   = 64                                        {product} {ergonomic}
   size_t InitialHeapSize                          = 134217728                                 {product} {ergonomic}
     bool ManagementServer                         = true                                      {product} {command line}
   size_t MarkStackSize                            = 4194304                                   {product} {ergonomic}
   size_t MaxHeapSize                              = 2120220672                                {product} {ergonomic}
   size_t MaxNewSize                               = 1271922688                                {product} {ergonomic}
   size_t MinHeapDeltaBytes                        = 1048576                                   {product} {ergonomic}
    uintx NonNMethodCodeHeapSize                   = 7549744                                {pd product} {ergonomic}
    uintx NonProfiledCodeHeapSize                  = 244108496                              {pd product} {ergonomic}
    uintx ProfiledCodeHeapSize                     = 0                                      {pd product} {ergonomic}
    uintx ReservedCodeCacheSize                    = 251658240                              {pd product} {ergonomic}
     bool SegmentedCodeCache                       = true                                      {product} {ergonomic}
     intx TieredStopAtLevel                        = 1                                         {product} {command line}
     bool UseCompressedClassPointers               = true                                 {lp64_product} {ergonomic}
     bool UseCompressedOops                        = true                                 {lp64_product} {ergonomic}
     bool UseG1GC                                  = true                                      {product} {ergonomic}
     bool UseLargePagesIndividualAllocation        = false                                  {pd product} {ergonomic}

Logging:
Log output configuration:
 #0: stdout all=warning uptime,level,tags
 #1: stderr all=off uptime,level,tags

Environment Variables:
JAVA_HOME=C:\Program Files\Java\jdk-11.0.3
CLASSPATH=C:\apache-tomcat-7.0.67\lib\servlet-api.jar; C:\apache-tomcat-7.0.67\lib\jsp-api.jar;
PATH=C:/Program Files/Java/jdk1.8.0_45/jre/bin/server;C:/Program Files/Java/jdk1.8.0_45/jre/bin;C:/Program Files/Java/jdk1.8.0_45/jre/lib/amd64;C:\oraclexe\app\oracle\product\11.2.0\server\bin;C:\Program Files (x86)\HP SimplePass\;C:\Program Files (x86)\NVIDIA Corporation\PhysX\Common;C:\Program Files (x86)\Intel\iCLS Client\;C:\Program Files\Intel\iCLS Client\;C:\Program Files\Common Files\Microsoft Shared\Windows Live;C:\Program Files (x86)\Common Files\Microsoft Shared\Windows Live;C:\Windows\system32;C:\Windows;C:\Windows\System32\Wbem;C:\Windows\System32\WindowsPowerShell\v1.0\;C:\Program Files\Intel\Intel(R) Management Engine Components\DAL;C:\Program Files\Intel\Intel(R) Management Engine Components\IPT;C:\Program Files (x86)\Intel\Intel(R) Management Engine Components\DAL;C:\Program Files (x86)\Intel\Intel(R) Management Engine Components\IPT;C:\Program Files (x86)\Intel\OpenCL SDK\2.0\bin\x86;C:\Program Files (x86)\Intel\OpenCL SDK\2.0\bin\x64;C:\Program Files\Intel\WiFi\bin\;C:\Program Files\Common Files\Intel\WirelessCommon\;C:\Program Files (x86)\GtkSharp\2.12\bin;C:\Program Files\Microsoft SQL Server\110\Tools\Binn\;C:\apache-tomcat-7.0.67\bin;C:\Program Files\glassfish-4.1\glassfish\bin;C:\WINDOWS\system32;C:\WINDOWS;C:\WINDOWS\System32\Wbem;C:\WINDOWS\System32\WindowsPowerShell\v1.0\;C:\WINDOWS\System32\OpenSSH\;C:\Program Files\dotnet\;C:\Program Files\Microsoft SQL Server\130\Tools\Binn\;C:\Program Files\Java\jdk-11.0.3\bin;C:\Program Files\Microsoft SQL Server\Client SDK\ODBC\130\Tools\Binn\;C:\Program Files (x86)\Microsoft SQL Server\140\Tools\Binn\;C:\Program Files\Microsoft SQL Server\140\Tools\Binn\;C:\Program Files\Microsoft SQL Server\140\DTS\Binn\;C:\Program Files\nodejs\;C:\Program Files\Microsoft VS Code\bin;C:\Program Files\Git\cmd;C:\Gradle\gradle-6.4\bin;C:\Program Files\Intel\WiFi\bin\;C:\Program Files\Common Files\Intel\WirelessCommon\;C:\Program Files\Microsoft VS Code\bin;C:\Users\Henry\AppData\Local\Microsoft\WindowsApps;C:\Users\Henry
USERNAME=Henry
OS=Windows_NT
PROCESSOR_IDENTIFIER=Intel64 Family 6 Model 58 Stepping 9, GenuineIntel



---------------  S Y S T E M  ---------------

OS: Windows 10 , 64 bit Build 17763 (10.0.17763.1158)

CPU:total 8 (initial active 8) (4 cores per cpu, 2 threads per core) family 6 model 58 stepping 9, cmov, cx8, fxsr, mmx, sse, sse2, sse3, ssse3, sse4.1, sse4.2, popcnt, avx, aes, clmul, erms, ht, tsc, tscinvbit, tscinv

Memory: 4k page, system-wide physical 8087M (291M free)
TotalPageFile size 8087M (AvailPageFile size 0M)
current process WorkingSet (physical memory assigned to process): 121M, peak: 121M
current process commit charge ("private bytes"): 229M, peak: 230M

vm_info: Java HotSpot(TM) 64-Bit Server VM (11.0.3+12-LTS) for windows-amd64 JRE (11.0.3+12-LTS), built on Apr  2 2019 12:43:09 by "mach5one" with MS VC++ 15.5 (VS2017)

END.
